The system is: Windows - 10.0.22621 - AMD64
Compiling the C compiler identification source file "CMakeCCompilerId.c" succeeded.
Compiler: C:/Program Files/Microsoft Visual Studio/2022/Community/VC/Tools/MSVC/14.34.31933/bin/Hostx64/x64/cl.exe 
Build flags: 
Id flags:  

The output was:
0
Оптимизирующий компилятор Microsoft (R) C/C++ версии 19.34.31937 для x64
(C) Корпорация Майкрософт (Microsoft Corporation).  Все права защищены.

CMakeCCompilerId.c
Microsoft (R) Incremental Linker Version 14.34.31937.0
Copyright (C) Microsoft Corporation.  All rights reserved.

/out:CMakeCCompilerId.exe 
CMakeCCompilerId.obj 


Compilation of the C compiler identification source "CMakeCCompilerId.c" produced "CMakeCCompilerId.exe"

Compilation of the C compiler identification source "CMakeCCompilerId.c" produced "CMakeCCompilerId.obj"

The C compiler identification is MSVC, found in "D:/2_semester/practice/2_pract/cmake-build-debug/CMakeFiles/3.24.2/CompilerIdC/CMakeCCompilerId.exe"

Compiling the CXX compiler identification source file "CMakeCXXCompilerId.cpp" succeeded.
Compiler: C:/Program Files/Microsoft Visual Studio/2022/Community/VC/Tools/MSVC/14.34.31933/bin/Hostx64/x64/cl.exe 
Build flags: 
Id flags:  

The output was:
0
Оптимизирующий компилятор Microsoft (R) C/C++ версии 19.34.31937 для x64
(C) Корпорация Майкрософт (Microsoft Corporation).  Все права защищены.

CMakeCXXCompilerId.cpp
Microsoft (R) Incremental Linker Version 14.34.31937.0
Copyright (C) Microsoft Corporation.  All rights reserved.

/out:CMakeCXXCompilerId.exe 
CMakeCXXCompilerId.obj 


Compilation of the CXX compiler identification source "CMakeCXXCompilerId.cpp" produced "CMakeCXXCompilerId.exe"

Compilation of the CXX compiler identification source "CMakeCXXCompilerId.cpp" produced "CMakeCXXCompilerId.obj"

The CXX compiler identification is MSVC, found in "D:/2_semester/practice/2_pract/cmake-build-debug/CMakeFiles/3.24.2/CompilerIdCXX/CMakeCXXCompilerId.exe"

Detecting C compiler ABI info compiled with the following output:
Change Dir: D:/2_semester/practice/2_pract/cmake-build-debug/CMakeFiles/CMakeTmp

Run Build Command(s):C:/Users/TbMA3/AppData/Local/JetBrains/Toolbox/apps/CLion/ch-0/223.8214.51/bin/ninja/win/ninja.exe cmTC_9cc8b && [1/2] Building C object CMakeFiles\cmTC_9cc8b.dir\CMakeCCompilerABI.c.obj
Примечание: включение файла:  C:\Users\TbMA3\AppData\Local\JetBrains\Toolbox\apps\CLion\ch-0\223.8214.51\bin\cmake\win\share\cmake-3.24\Modules\CMakeCompilerABI.h
[2/2] Linking C executable cmTC_9cc8b.exe



Detecting CXX compiler ABI info compiled with the following output:
Change Dir: D:/2_semester/practice/2_pract/cmake-build-debug/CMakeFiles/CMakeTmp

Run Build Command(s):C:/Users/TbMA3/AppData/Local/JetBrains/Toolbox/apps/CLion/ch-0/223.8214.51/bin/ninja/win/ninja.exe cmTC_41d38 && [1/2] Building CXX object CMakeFiles\cmTC_41d38.dir\CMakeCXXCompilerABI.cpp.obj
Примечание: включение файла:  C:\Users\TbMA3\AppData\Local\JetBrains\Toolbox\apps\CLion\ch-0\223.8214.51\bin\cmake\win\share\cmake-3.24\Modules\CMakeCompilerABI.h
[2/2] Linking CXX executable cmTC_41d38.exe



